[Sun Mar 01 15:34:24 MST 2020] - INFO passoff.ServerTest: 	Setting up Persistence Test...
[Sun Mar 01 15:34:24 MST 2020] - INFO client.Proxy: 	Clear called
[Sun Mar 01 15:34:24 MST 2020] - INFO client.Client: 	Post without Request Body called
[Sun Mar 01 15:34:24 MST 2020] - INFO client.Client: 	Attempting to open connection to server
[Sun Mar 01 15:34:24 MST 2020] - INFO client.Client: 	Connection opened to server
[Sun Mar 01 15:34:24 MST 2020] - INFO client.Client: 	Setting request method to POST
[Sun Mar 01 15:34:24 MST 2020] - INFO client.Client: 	Request method set to POST
[Sun Mar 01 15:34:24 MST 2020] - INFO client.Client: 	Setting Do Output to true
[Sun Mar 01 15:34:24 MST 2020] - INFO client.Client: 	Do Output set to true
[Sun Mar 01 15:34:24 MST 2020] - INFO client.Client: 	Connecting to server
[Sun Mar 01 15:34:24 MST 2020] - INFO client.Client: 	Connected to server
[Sun Mar 01 15:34:24 MST 2020] - INFO client.Client: 	Getting response code from server
[Sun Mar 01 15:34:24 MST 2020] - INFO client.Client: 	Response code 200 returned
[Sun Mar 01 15:34:24 MST 2020] - INFO client.Client: 	Getting input stream from server
[Sun Mar 01 15:34:24 MST 2020] - INFO client.Client: 	Reading input stream into a string
[Sun Mar 01 15:34:24 MST 2020] - INFO passoff.ServerTest: 	Running Persistence Test...
[Sun Mar 01 15:34:24 MST 2020] - INFO client.Proxy: 	Load called
[Sun Mar 01 15:34:24 MST 2020] - INFO client.Client: 	Post with Request Body called
[Sun Mar 01 15:34:24 MST 2020] - INFO client.Client: 	Attempting to open connection to server
[Sun Mar 01 15:34:24 MST 2020] - INFO client.Client: 	Connection opened to server
[Sun Mar 01 15:34:24 MST 2020] - INFO client.Client: 	Setting request method to POST
[Sun Mar 01 15:34:24 MST 2020] - INFO client.Client: 	Request method set to POST
[Sun Mar 01 15:34:24 MST 2020] - INFO client.Client: 	Setting Do Output to true
[Sun Mar 01 15:34:24 MST 2020] - INFO client.Client: 	Do Output set to true
[Sun Mar 01 15:34:24 MST 2020] - INFO client.Client: 	Connecting to server
[Sun Mar 01 15:34:24 MST 2020] - INFO client.Client: 	Connected to server
[Sun Mar 01 15:34:24 MST 2020] - INFO client.Client: 	Opening output stream to server
[Sun Mar 01 15:34:24 MST 2020] - INFO client.Client: 	Writing request to server output stream
[Sun Mar 01 15:34:24 MST 2020] - INFO client.Client: 	Request written to server output stream
[Sun Mar 01 15:34:24 MST 2020] - INFO client.Client: 	Closing output stream to server
[Sun Mar 01 15:34:24 MST 2020] - INFO client.Client: 	Output stream to server closed
[Sun Mar 01 15:34:24 MST 2020] - INFO client.Client: 	Getting response code from server
[Sun Mar 01 15:34:24 MST 2020] - INFO client.Client: 	Response code 200 returned
[Sun Mar 01 15:34:24 MST 2020] - INFO client.Client: 	Getting input stream from server
[Sun Mar 01 15:34:24 MST 2020] - INFO client.Client: 	Reading input stream into a string
[Sun Mar 01 15:34:24 MST 2020] - INFO client.Proxy: 	Login called
[Sun Mar 01 15:34:24 MST 2020] - INFO client.Client: 	Post with Request Body called
[Sun Mar 01 15:34:24 MST 2020] - INFO client.Client: 	Attempting to open connection to server
[Sun Mar 01 15:34:24 MST 2020] - INFO client.Client: 	Connection opened to server
[Sun Mar 01 15:34:24 MST 2020] - INFO client.Client: 	Setting request method to POST
[Sun Mar 01 15:34:24 MST 2020] - INFO client.Client: 	Request method set to POST
[Sun Mar 01 15:34:24 MST 2020] - INFO client.Client: 	Setting Do Output to true
[Sun Mar 01 15:34:24 MST 2020] - INFO client.Client: 	Do Output set to true
[Sun Mar 01 15:34:24 MST 2020] - INFO client.Client: 	Connecting to server
[Sun Mar 01 15:34:24 MST 2020] - INFO client.Client: 	Connected to server
[Sun Mar 01 15:34:24 MST 2020] - INFO client.Client: 	Opening output stream to server
[Sun Mar 01 15:34:24 MST 2020] - INFO client.Client: 	Writing request to server output stream
[Sun Mar 01 15:34:24 MST 2020] - INFO client.Client: 	Request written to server output stream
[Sun Mar 01 15:34:24 MST 2020] - INFO client.Client: 	Closing output stream to server
[Sun Mar 01 15:34:24 MST 2020] - INFO client.Client: 	Output stream to server closed
[Sun Mar 01 15:34:24 MST 2020] - INFO client.Client: 	Getting response code from server
[Sun Mar 01 15:34:24 MST 2020] - INFO client.Client: 	Response code 500 returned
[Sun Mar 01 15:34:24 MST 2020] - INFO client.Client: 	Getting input stream from server
[Sun Mar 01 15:34:24 MST 2020] - INFO client.Client: 	Reading input stream into a string
[Sun Mar 01 15:34:24 MST 2020] - INFO passoff.ServerTest: 	Setting up File Handler Default Test...
[Sun Mar 01 15:34:24 MST 2020] - INFO client.Proxy: 	Clear called
[Sun Mar 01 15:34:24 MST 2020] - INFO client.Client: 	Post without Request Body called
[Sun Mar 01 15:34:24 MST 2020] - INFO client.Client: 	Attempting to open connection to server
[Sun Mar 01 15:34:24 MST 2020] - INFO client.Client: 	Connection opened to server
[Sun Mar 01 15:34:24 MST 2020] - INFO client.Client: 	Setting request method to POST
[Sun Mar 01 15:34:24 MST 2020] - INFO client.Client: 	Request method set to POST
[Sun Mar 01 15:34:24 MST 2020] - INFO client.Client: 	Setting Do Output to true
[Sun Mar 01 15:34:24 MST 2020] - INFO client.Client: 	Do Output set to true
[Sun Mar 01 15:34:24 MST 2020] - INFO client.Client: 	Connecting to server
[Sun Mar 01 15:34:24 MST 2020] - INFO client.Client: 	Connected to server
[Sun Mar 01 15:34:24 MST 2020] - INFO client.Client: 	Getting response code from server
[Sun Mar 01 15:34:24 MST 2020] - INFO client.Client: 	Response code 200 returned
[Sun Mar 01 15:34:24 MST 2020] - INFO client.Client: 	Getting input stream from server
[Sun Mar 01 15:34:24 MST 2020] - INFO client.Client: 	Reading input stream into a string
[Sun Mar 01 15:34:24 MST 2020] - INFO passoff.ServerTest: 	Running File Handler Default Test...
[Sun Mar 01 15:34:24 MST 2020] - INFO client.Proxy: 	File called
[Sun Mar 01 15:34:24 MST 2020] - INFO client.Client: 	Get without Auth Token called
[Sun Mar 01 15:34:24 MST 2020] - INFO client.Client: 	Attempting to open connection to server
[Sun Mar 01 15:34:24 MST 2020] - INFO client.Client: 	Connection opened to server
[Sun Mar 01 15:34:24 MST 2020] - INFO client.Client: 	Setting request method to GET
[Sun Mar 01 15:34:24 MST 2020] - INFO client.Client: 	Request method set to GET
[Sun Mar 01 15:34:24 MST 2020] - INFO client.Client: 	Setting Do Output to false
[Sun Mar 01 15:34:24 MST 2020] - INFO client.Client: 	Do Output set to false
[Sun Mar 01 15:34:24 MST 2020] - INFO client.Client: 	Connecting to server
[Sun Mar 01 15:34:24 MST 2020] - INFO client.Client: 	Connected to server
[Sun Mar 01 15:34:24 MST 2020] - INFO client.Client: 	Getting response code from server
[Sun Mar 01 15:34:24 MST 2020] - INFO client.Client: 	Response code 200 returned
[Sun Mar 01 15:34:24 MST 2020] - INFO client.Client: 	Getting input stream from server
[Sun Mar 01 15:34:24 MST 2020] - INFO client.Client: 	Reading input stream into a string
[Sun Mar 01 15:34:24 MST 2020] - INFO passoff.ServerTest: 	Setting up Realistic Fill Death Test...
[Sun Mar 01 15:34:24 MST 2020] - INFO client.Proxy: 	Clear called
[Sun Mar 01 15:34:24 MST 2020] - INFO client.Client: 	Post without Request Body called
[Sun Mar 01 15:34:24 MST 2020] - INFO client.Client: 	Attempting to open connection to server
[Sun Mar 01 15:34:24 MST 2020] - INFO client.Client: 	Connection opened to server
[Sun Mar 01 15:34:24 MST 2020] - INFO client.Client: 	Setting request method to POST
[Sun Mar 01 15:34:24 MST 2020] - INFO client.Client: 	Request method set to POST
[Sun Mar 01 15:34:24 MST 2020] - INFO client.Client: 	Setting Do Output to true
[Sun Mar 01 15:34:24 MST 2020] - INFO client.Client: 	Do Output set to true
[Sun Mar 01 15:34:24 MST 2020] - INFO client.Client: 	Connecting to server
[Sun Mar 01 15:34:24 MST 2020] - INFO client.Client: 	Connected to server
[Sun Mar 01 15:34:24 MST 2020] - INFO client.Client: 	Getting response code from server
[Sun Mar 01 15:34:24 MST 2020] - INFO client.Client: 	Response code 200 returned
[Sun Mar 01 15:34:24 MST 2020] - INFO client.Client: 	Getting input stream from server
[Sun Mar 01 15:34:24 MST 2020] - INFO client.Client: 	Reading input stream into a string
[Sun Mar 01 15:34:24 MST 2020] - INFO passoff.ServerTest: 	Running Realistic Fill Death Test...
[Sun Mar 01 15:34:24 MST 2020] - INFO client.Proxy: 	Register called
[Sun Mar 01 15:34:24 MST 2020] - INFO client.Client: 	Post with Request Body called
[Sun Mar 01 15:34:24 MST 2020] - INFO client.Client: 	Attempting to open connection to server
[Sun Mar 01 15:34:24 MST 2020] - INFO client.Client: 	Connection opened to server
[Sun Mar 01 15:34:24 MST 2020] - INFO client.Client: 	Setting request method to POST
[Sun Mar 01 15:34:24 MST 2020] - INFO client.Client: 	Request method set to POST
[Sun Mar 01 15:34:24 MST 2020] - INFO client.Client: 	Setting Do Output to true
[Sun Mar 01 15:34:24 MST 2020] - INFO client.Client: 	Do Output set to true
[Sun Mar 01 15:34:24 MST 2020] - INFO client.Client: 	Connecting to server
[Sun Mar 01 15:34:24 MST 2020] - INFO client.Client: 	Connected to server
[Sun Mar 01 15:34:24 MST 2020] - INFO client.Client: 	Opening output stream to server
[Sun Mar 01 15:34:24 MST 2020] - INFO client.Client: 	Writing request to server output stream
[Sun Mar 01 15:34:24 MST 2020] - INFO client.Client: 	Request written to server output stream
[Sun Mar 01 15:34:24 MST 2020] - INFO client.Client: 	Closing output stream to server
[Sun Mar 01 15:34:24 MST 2020] - INFO client.Client: 	Output stream to server closed
[Sun Mar 01 15:34:24 MST 2020] - INFO client.Client: 	Getting response code from server
